# JRE version: OpenJDK Runtime Environment Temurin-17.0.1+12 (17.0.1+12) (build 17.0.1+12)
# Java VM: OpenJDK 64-Bit Server VM Temurin-17.0.1+12 (17.0.1+12, mixed mode, emulated-client, tiered, compressed oops, compressed class ptrs, g1 gc, windows-amd64)
GC Precious Log:
 CPUs: 2 total, 2 available
 Memory: 1942M
 Large Page Support: Disabled
 NUMA Support: Disabled
 Compressed Oops: Enabled (32-bit)
 Heap Region Size: 1M
 Heap Min Capacity: 8M
 Heap Initial Capacity: 32M
 Heap Max Capacity: 486M
 Pre-touch: Disabled
 Parallel Workers: 2
 Concurrent Workers: 1
 Concurrent Refinement Workers: 2
 Periodic GC: Disabled
Heap:
 garbage-first heap   total 61440K, used 22953K [0x00000000e1a00000, 0x0000000100000000)
  region size 1024K, 6 young (6144K), 4 survivors (4096K)
 Metaspace       used 57848K, committed 58240K, reserved 1105920K
  class space    used 7748K, committed 7936K, reserved 1048576K
GC Heap History (20 events):
Event: 5.924 GC heap before
{Heap before GC invocations=9 (full 0):
 garbage-first heap   total 32768K, used 22906K [0x00000000e1a00000, 0x0000000100000000)
  region size 1024K, 15 young (15360K), 2 survivors (2048K)
 Metaspace       used 25988K, committed 26240K, reserved 1073152K
  class space    used 3082K, committed 3200K, reserved 1048576K
}
Event: 5.928 GC heap after
{Heap after GC invocations=10 (full 0):
 garbage-first heap   total 32768K, used 10710K [0x00000000e1a00000, 0x0000000100000000)
  region size 1024K, 1 young (1024K), 1 survivors (1024K)
 Metaspace       used 25988K, committed 26240K, reserved 1073152K
  class space    used 3082K, committed 3200K, reserved 1048576K
}
Event: 5.934 GC heap before
{Heap before GC invocations=10 (full 0):
 garbage-first heap   total 32768K, used 22998K [0x00000000e1a00000, 0x0000000100000000)
  region size 1024K, 14 young (14336K), 1 survivors (1024K)
 Metaspace       used 25988K, committed 26240K, reserved 1073152K
  class space    used 3082K, committed 3200K, reserved 1048576K
}
Event: 5.937 GC heap after
{Heap after GC invocations=11 (full 0):
 garbage-first heap   total 65536K, used 10737K [0x00000000e1a00000, 0x0000000100000000)
  region size 1024K, 1 young (1024K), 1 survivors (1024K)
 Metaspace       used 25988K, committed 26240K, reserved 1073152K
  class space    used 3082K, committed 3200K, reserved 1048576K
}
Event: 7.974 GC heap before
{Heap before GC invocations=11 (full 0):
 garbage-first heap   total 65536K, used 47601K [0x00000000e1a00000, 0x0000000100000000)
  region size 1024K, 38 young (38912K), 1 survivors (1024K)
 Metaspace       used 29214K, committed 29504K, reserved 1081344K
  class space    used 3554K, committed 3712K, reserved 1048576K
}
Event: 7.981 GC heap after
{Heap after GC invocations=12 (full 0):
 garbage-first heap   total 65536K, used 12365K [0x00000000e1a00000, 0x0000000100000000)
  region size 1024K, 3 young (3072K), 3 survivors (3072K)
 Metaspace       used 29214K, committed 29504K, reserved 1081344K
  class space    used 3554K, committed 3712K, reserved 1048576K
}
Event: 9.901 GC heap before
{Heap before GC invocations=12 (full 0):
 garbage-first heap   total 65536K, used 47181K [0x00000000e1a00000, 0x0000000100000000)
  region size 1024K, 38 young (38912K), 3 survivors (3072K)
 Metaspace       used 34732K, committed 35136K, reserved 1081344K
  class space    used 4349K, committed 4544K, reserved 1048576K
}
Event: 9.915 GC heap after
{Heap after GC invocations=13 (full 0):
 garbage-first heap   total 65536K, used 15444K [0x00000000e1a00000, 0x0000000100000000)
  region size 1024K, 5 young (5120K), 5 survivors (5120K)
 Metaspace       used 34732K, committed 35136K, reserved 1081344K
  class space    used 4349K, committed 4544K, reserved 1048576K
}
Event: 9.929 GC heap before
{Heap before GC invocations=13 (full 0):
 garbage-first heap   total 65536K, used 48212K [0x00000000e1a00000, 0x0000000100000000)
  region size 1024K, 38 young (38912K), 5 survivors (5120K)
 Metaspace       used 34732K, committed 35136K, reserved 1081344K
  class space    used 4349K, committed 4544K, reserved 1048576K
}
Event: 9.943 GC heap after
{Heap after GC invocations=14 (full 0):
 garbage-first heap   total 65536K, used 16296K [0x00000000e1a00000, 0x0000000100000000)
  region size 1024K, 1 young (1024K), 1 survivors (1024K)
 Metaspace       used 34732K, committed 35136K, reserved 1081344K
  class space    used 4349K, committed 4544K, reserved 1048576K
}
Event: 10.274 GC heap before
{Heap before GC invocations=14 (full 0):
 garbage-first heap   total 65536K, used 26536K [0x00000000e1a00000, 0x0000000100000000)
  region size 1024K, 12 young (12288K), 1 survivors (1024K)
 Metaspace       used 35573K, committed 35968K, reserved 1081344K
  class space    used 4451K, committed 4672K, reserved 1048576K
}
Event: 10.278 GC heap after
{Heap after GC invocations=15 (full 0):
 garbage-first heap   total 65536K, used 16006K [0x00000000e1a00000, 0x0000000100000000)
  region size 1024K, 1 young (1024K), 1 survivors (1024K)
 Metaspace       used 35573K, committed 35968K, reserved 1081344K
  class space    used 4451K, committed 4672K, reserved 1048576K
}
Event: 13.275 GC heap before
{Heap before GC invocations=16 (full 0):
 garbage-first heap   total 61440K, used 51846K [0x00000000e1a00000, 0x0000000100000000)
  region size 1024K, 36 young (36864K), 1 survivors (1024K)
 Metaspace       used 45093K, committed 45504K, reserved 1089536K
  class space    used 5823K, committed 6016K, reserved 1048576K
}
Event: 13.284 GC heap after
{Heap after GC invocations=17 (full 0):
 garbage-first heap   total 61440K, used 18318K [0x00000000e1a00000, 0x0000000100000000)
  region size 1024K, 3 young (3072K), 3 survivors (3072K)
 Metaspace       used 45093K, committed 45504K, reserved 1089536K
  class space    used 5823K, committed 6016K, reserved 1048576K
}
Event: 13.533 GC heap before
{Heap before GC invocations=17 (full 0):
 garbage-first heap   total 61440K, used 20366K [0x00000000e1a00000, 0x0000000100000000)
  region size 1024K, 5 young (5120K), 3 survivors (3072K)
 Metaspace       used 45643K, committed 45952K, reserved 1089536K
  class space    used 5912K, committed 6080K, reserved 1048576K
}
Event: 13.542 GC heap after
{Heap after GC invocations=18 (full 0):
 garbage-first heap   total 61440K, used 18580K [0x00000000e1a00000, 0x0000000100000000)
  region size 1024K, 1 young (1024K), 1 survivors (1024K)
 Metaspace       used 45643K, committed 45952K, reserved 1089536K
  class space    used 5912K, committed 6080K, reserved 1048576K
}
Event: 15.708 GC heap before
{Heap before GC invocations=18 (full 0):
 garbage-first heap   total 61440K, used 49300K [0x00000000e1a00000, 0x0000000100000000)
  region size 1024K, 31 young (31744K), 1 survivors (1024K)
 Metaspace       used 53988K, committed 54464K, reserved 1097728K
  class space    used 7196K, committed 7424K, reserved 1048576K
}
Event: 15.714 GC heap after
{Heap after GC invocations=19 (full 0):
 garbage-first heap   total 61440K, used 19914K [0x00000000e1a00000, 0x0000000100000000)
  region size 1024K, 2 young (2048K), 2 survivors (2048K)
 Metaspace       used 53988K, committed 54464K, reserved 1097728K
  class space    used 7196K, committed 7424K, reserved 1048576K
}
Event: 16.929 GC heap before
{Heap before GC invocations=19 (full 0):
 garbage-first heap   total 61440K, used 49610K [0x00000000e1a00000, 0x0000000100000000)
  region size 1024K, 31 young (31744K), 2 survivors (2048K)
 Metaspace       used 57694K, committed 58112K, reserved 1105920K
  class space    used 7724K, committed 7936K, reserved 1048576K
}
Event: 16.941 GC heap after
{Heap after GC invocations=20 (full 0):
 garbage-first heap   total 61440K, used 21929K [0x00000000e1a00000, 0x0000000100000000)
  region size 1024K, 4 young (4096K), 4 survivors (4096K)
 Metaspace       used 57694K, committed 58112K, reserved 1105920K
  class space    used 7724K, committed 7936K, reserved 1048576K
}

