# JRE version: OpenJDK Runtime Environment Temurin-17.0.1+12 (17.0.1+12) (build 17.0.1+12)
# Java VM: OpenJDK 64-Bit Server VM Temurin-17.0.1+12 (17.0.1+12, mixed mode, emulated-client, tiered, compressed oops, compressed class ptrs, g1 gc, windows-amd64)
GC Precious Log:
 CPUs: 2 total, 2 available
 Memory: 1942M
 Large Page Support: Disabled
 NUMA Support: Disabled
 Compressed Oops: Enabled (32-bit)
 Heap Region Size: 1M
 Heap Min Capacity: 8M
 Heap Initial Capacity: 32M
 Heap Max Capacity: 486M
 Pre-touch: Disabled
 Parallel Workers: 2
 Concurrent Workers: 1
 Concurrent Refinement Workers: 2
 Periodic GC: Disabled
Heap:
 garbage-first heap   total 32768K, used 10682K [0x00000000e1a00000, 0x0000000100000000)
  region size 1024K, 1 young (1024K), 1 survivors (1024K)
 Metaspace       used 25984K, committed 26304K, reserved 1073152K
  class space    used 3081K, committed 3200K, reserved 1048576K
GC Heap History (19 events):
Event: 0.849 GC heap before
{Heap before GC invocations=0 (full 0):
 garbage-first heap   total 32768K, used 7168K [0x00000000e1a00000, 0x0000000100000000)
  region size 1024K, 6 young (6144K), 0 survivors (0K)
 Metaspace       used 7100K, committed 7232K, reserved 1056768K
  class space    used 621K, committed 704K, reserved 1048576K
}
Event: 0.863 GC heap after
{Heap after GC invocations=1 (full 0):
 garbage-first heap   total 32768K, used 4294K [0x00000000e1a00000, 0x0000000100000000)
  region size 1024K, 1 young (1024K), 1 survivors (1024K)
 Metaspace       used 7100K, committed 7232K, reserved 1056768K
  class space    used 621K, committed 704K, reserved 1048576K
}
Event: 1.402 GC heap before
{Heap before GC invocations=1 (full 0):
 garbage-first heap   total 32768K, used 7366K [0x00000000e1a00000, 0x0000000100000000)
  region size 1024K, 4 young (4096K), 1 survivors (1024K)
 Metaspace       used 9723K, committed 9856K, reserved 1064960K
  class space    used 939K, committed 1024K, reserved 1048576K
}
Event: 1.407 GC heap after
{Heap after GC invocations=2 (full 0):
 garbage-first heap   total 32768K, used 5965K [0x00000000e1a00000, 0x0000000100000000)
  region size 1024K, 1 young (1024K), 1 survivors (1024K)
 Metaspace       used 9723K, committed 9856K, reserved 1064960K
  class space    used 939K, committed 1024K, reserved 1048576K
}
Event: 2.030 GC heap before
{Heap before GC invocations=2 (full 0):
 garbage-first heap   total 32768K, used 12109K [0x00000000e1a00000, 0x0000000100000000)
  region size 1024K, 7 young (7168K), 1 survivors (1024K)
 Metaspace       used 14073K, committed 14272K, reserved 1064960K
  class space    used 1462K, committed 1536K, reserved 1048576K
}
Event: 2.038 GC heap after
{Heap after GC invocations=3 (full 0):
 garbage-first heap   total 32768K, used 7066K [0x00000000e1a00000, 0x0000000100000000)
  region size 1024K, 1 young (1024K), 1 survivors (1024K)
 Metaspace       used 14073K, committed 14272K, reserved 1064960K
  class space    used 1462K, committed 1536K, reserved 1048576K
}
Event: 2.768 GC heap before
{Heap before GC invocations=3 (full 0):
 garbage-first heap   total 32768K, used 14234K [0x00000000e1a00000, 0x0000000100000000)
  region size 1024K, 8 young (8192K), 1 survivors (1024K)
 Metaspace       used 15652K, committed 15936K, reserved 1064960K
  class space    used 1663K, committed 1792K, reserved 1048576K
}
Event: 2.778 GC heap after
{Heap after GC invocations=4 (full 0):
 garbage-first heap   total 32768K, used 7959K [0x00000000e1a00000, 0x0000000100000000)
  region size 1024K, 1 young (1024K), 1 survivors (1024K)
 Metaspace       used 15652K, committed 15936K, reserved 1064960K
  class space    used 1663K, committed 1792K, reserved 1048576K
}
Event: 3.468 GC heap before
{Heap before GC invocations=4 (full 0):
 garbage-first heap   total 32768K, used 16151K [0x00000000e1a00000, 0x0000000100000000)
  region size 1024K, 9 young (9216K), 1 survivors (1024K)
 Metaspace       used 18099K, committed 18304K, reserved 1073152K
  class space    used 2004K, committed 2112K, reserved 1048576K
}
Event: 3.474 GC heap after
{Heap after GC invocations=5 (full 0):
 garbage-first heap   total 32768K, used 8696K [0x00000000e1a00000, 0x0000000100000000)
  region size 1024K, 2 young (2048K), 2 survivors (2048K)
 Metaspace       used 18099K, committed 18304K, reserved 1073152K
  class space    used 2004K, committed 2112K, reserved 1048576K
}
Event: 4.313 GC heap before
{Heap before GC invocations=5 (full 0):
 garbage-first heap   total 32768K, used 18936K [0x00000000e1a00000, 0x0000000100000000)
  region size 1024K, 13 young (13312K), 2 survivors (2048K)
 Metaspace       used 20458K, committed 20736K, reserved 1073152K
  class space    used 2374K, committed 2496K, reserved 1048576K
}
Event: 4.322 GC heap after
{Heap after GC invocations=6 (full 0):
 garbage-first heap   total 32768K, used 9449K [0x00000000e1a00000, 0x0000000100000000)
  region size 1024K, 2 young (2048K), 2 survivors (2048K)
 Metaspace       used 20458K, committed 20736K, reserved 1073152K
  class space    used 2374K, committed 2496K, reserved 1048576K
}
Event: 4.627 GC heap before
{Heap before GC invocations=6 (full 0):
 garbage-first heap   total 32768K, used 12521K [0x00000000e1a00000, 0x0000000100000000)
  region size 1024K, 6 young (6144K), 2 survivors (2048K)
 Metaspace       used 21225K, committed 21504K, reserved 1073152K
  class space    used 2454K, committed 2624K, reserved 1048576K
}
Event: 4.632 GC heap after
{Heap after GC invocations=7 (full 0):
 garbage-first heap   total 32768K, used 9444K [0x00000000e1a00000, 0x0000000100000000)
  region size 1024K, 1 young (1024K), 1 survivors (1024K)
 Metaspace       used 21225K, committed 21504K, reserved 1073152K
  class space    used 2454K, committed 2624K, reserved 1048576K
}
Event: 5.250 GC heap before
{Heap before GC invocations=8 (full 0):
 garbage-first heap   total 32768K, used 20708K [0x00000000e1a00000, 0x0000000100000000)
  region size 1024K, 13 young (13312K), 1 survivors (1024K)
 Metaspace       used 24276K, committed 24576K, reserved 1073152K
  class space    used 2832K, committed 2944K, reserved 1048576K
}
Event: 5.255 GC heap after
{Heap after GC invocations=9 (full 0):
 garbage-first heap   total 32768K, used 10025K [0x00000000e1a00000, 0x0000000100000000)
  region size 1024K, 2 young (2048K), 2 survivors (2048K)
 Metaspace       used 24276K, committed 24576K, reserved 1073152K
  class space    used 2832K, committed 2944K, reserved 1048576K
}
Event: 5.295 GC heap before
{Heap before GC invocations=9 (full 0):
 garbage-first heap   total 32768K, used 10025K [0x00000000e1a00000, 0x0000000100000000)
  region size 1024K, 3 young (3072K), 2 survivors (2048K)
 Metaspace       used 24439K, committed 24768K, reserved 1073152K
  class space    used 2858K, committed 3008K, reserved 1048576K
}
Event: 5.302 GC heap after
{Heap after GC invocations=10 (full 0):
 garbage-first heap   total 32768K, used 10145K [0x00000000e1a00000, 0x0000000100000000)
  region size 1024K, 1 young (1024K), 1 survivors (1024K)
 Metaspace       used 24439K, committed 24768K, reserved 1073152K
  class space    used 2858K, committed 3008K, reserved 1048576K
}
Event: 5.787 GC heap before
{Heap before GC invocations=10 (full 0):
 garbage-first heap   total 32768K, used 21409K [0x00000000e1a00000, 0x0000000100000000)
  region size 1024K, 13 young (13312K), 1 survivors (1024K)
 Metaspace       used 25984K, committed 26304K, reserved 1073152K
  class space    used 3081K, committed 3200K, reserved 1048576K
}

