# JRE version: OpenJDK Runtime Environment Temurin-17.0.1+12 (17.0.1+12) (build 17.0.1+12)
# Java VM: OpenJDK 64-Bit Server VM Temurin-17.0.1+12 (17.0.1+12, mixed mode, emulated-client, tiered, compressed oops, compressed class ptrs, g1 gc, windows-amd64)
GC Precious Log:
 CPUs: 2 total, 2 available
 Memory: 1942M
 Large Page Support: Disabled
 NUMA Support: Disabled
 Compressed Oops: Enabled (32-bit)
 Heap Region Size: 1M
 Heap Min Capacity: 8M
 Heap Initial Capacity: 32M
 Heap Max Capacity: 486M
 Pre-touch: Disabled
 Parallel Workers: 2
 Concurrent Workers: 1
 Concurrent Refinement Workers: 2
 Periodic GC: Disabled
Heap:
 garbage-first heap   total 58368K, used 25017K [0x00000000e1a00000, 0x0000000100000000)
  region size 1024K, 12 young (12288K), 4 survivors (4096K)
 Metaspace       used 46523K, committed 46848K, reserved 1097728K
  class space    used 6037K, committed 6208K, reserved 1048576K
GC Heap History (20 events):
Event: 2.132 GC heap before
{Heap before GC invocations=4 (full 0):
 garbage-first heap   total 32768K, used 19326K [0x00000000e1a00000, 0x0000000100000000)
  region size 1024K, 14 young (14336K), 2 survivors (2048K)
 Metaspace       used 19710K, committed 19904K, reserved 1073152K
  class space    used 2269K, committed 2368K, reserved 1048576K
}
Event: 2.140 GC heap after
{Heap after GC invocations=5 (full 0):
 garbage-first heap   total 39936K, used 9178K [0x00000000e1a00000, 0x0000000100000000)
  region size 1024K, 2 young (2048K), 2 survivors (2048K)
 Metaspace       used 19710K, committed 19904K, reserved 1073152K
  class space    used 2269K, committed 2368K, reserved 1048576K
}
Event: 2.309 GC heap before
{Heap before GC invocations=5 (full 0):
 garbage-first heap   total 39936K, used 14298K [0x00000000e1a00000, 0x0000000100000000)
  region size 1024K, 8 young (8192K), 2 survivors (2048K)
 Metaspace       used 21306K, committed 21504K, reserved 1073152K
  class space    used 2447K, committed 2560K, reserved 1048576K
}
Event: 2.329 GC heap after
{Heap after GC invocations=6 (full 0):
 garbage-first heap   total 39936K, used 9086K [0x00000000e1a00000, 0x0000000100000000)
  region size 1024K, 1 young (1024K), 1 survivors (1024K)
 Metaspace       used 21306K, committed 21504K, reserved 1073152K
  class space    used 2447K, committed 2560K, reserved 1048576K
}
Event: 2.825 GC heap before
{Heap before GC invocations=7 (full 0):
 garbage-first heap   total 34816K, used 26494K [0x00000000e1a00000, 0x0000000100000000)
  region size 1024K, 19 young (19456K), 1 survivors (1024K)
 Metaspace       used 25558K, committed 25856K, reserved 1073152K
  class space    used 3016K, committed 3136K, reserved 1048576K
}
Event: 2.833 GC heap after
{Heap after GC invocations=8 (full 0):
 garbage-first heap   total 34816K, used 9810K [0x00000000e1a00000, 0x0000000100000000)
  region size 1024K, 2 young (2048K), 2 survivors (2048K)
 Metaspace       used 25558K, committed 25856K, reserved 1073152K
  class space    used 3016K, committed 3136K, reserved 1048576K
}
Event: 2.945 GC heap before
{Heap before GC invocations=8 (full 0):
 garbage-first heap   total 34816K, used 24146K [0x00000000e1a00000, 0x0000000100000000)
  region size 1024K, 17 young (17408K), 2 survivors (2048K)
 Metaspace       used 25932K, committed 26240K, reserved 1073152K
  class space    used 3071K, committed 3200K, reserved 1048576K
}
Event: 2.951 GC heap after
{Heap after GC invocations=9 (full 0):
 garbage-first heap   total 34816K, used 10335K [0x00000000e1a00000, 0x0000000100000000)
  region size 1024K, 2 young (2048K), 2 survivors (2048K)
 Metaspace       used 25932K, committed 26240K, reserved 1073152K
  class space    used 3071K, committed 3200K, reserved 1048576K
}
Event: 2.957 GC heap before
{Heap before GC invocations=9 (full 0):
 garbage-first heap   total 34816K, used 23647K [0x00000000e1a00000, 0x0000000100000000)
  region size 1024K, 16 young (16384K), 2 survivors (2048K)
 Metaspace       used 25939K, committed 26240K, reserved 1073152K
  class space    used 3072K, committed 3200K, reserved 1048576K
}
Event: 2.961 GC heap after
{Heap after GC invocations=10 (full 0):
 garbage-first heap   total 34816K, used 10420K [0x00000000e1a00000, 0x0000000100000000)
  region size 1024K, 1 young (1024K), 1 survivors (1024K)
 Metaspace       used 25939K, committed 26240K, reserved 1073152K
  class space    used 3072K, committed 3200K, reserved 1048576K
}
Event: 3.062 GC heap before
{Heap before GC invocations=10 (full 0):
 garbage-first heap   total 34816K, used 24756K [0x00000000e1a00000, 0x0000000100000000)
  region size 1024K, 16 young (16384K), 1 survivors (1024K)
 Metaspace       used 26588K, committed 26880K, reserved 1073152K
  class space    used 3149K, committed 3264K, reserved 1048576K
}
Event: 3.065 GC heap after
{Heap after GC invocations=11 (full 0):
 garbage-first heap   total 70656K, used 10868K [0x00000000e1a00000, 0x0000000100000000)
  region size 1024K, 1 young (1024K), 1 survivors (1024K)
 Metaspace       used 26588K, committed 26880K, reserved 1073152K
  class space    used 3149K, committed 3264K, reserved 1048576K
}
Event: 4.636 GC heap before
{Heap before GC invocations=11 (full 0):
 garbage-first heap   total 70656K, used 51828K [0x00000000e1a00000, 0x0000000100000000)
  region size 1024K, 41 young (41984K), 1 survivors (1024K)
 Metaspace       used 31626K, committed 32000K, reserved 1081344K
  class space    used 3935K, committed 4096K, reserved 1048576K
}
Event: 4.648 GC heap after
{Heap after GC invocations=12 (full 0):
 garbage-first heap   total 70656K, used 13923K [0x00000000e1a00000, 0x0000000100000000)
  region size 1024K, 4 young (4096K), 4 survivors (4096K)
 Metaspace       used 31626K, committed 32000K, reserved 1081344K
  class space    used 3935K, committed 4096K, reserved 1048576K
}
Event: 5.146 GC heap before
{Heap before GC invocations=12 (full 0):
 garbage-first heap   total 70656K, used 50787K [0x00000000e1a00000, 0x0000000100000000)
  region size 1024K, 41 young (41984K), 4 survivors (4096K)
 Metaspace       used 34297K, committed 34624K, reserved 1081344K
  class space    used 4274K, committed 4416K, reserved 1048576K
}
Event: 5.176 GC heap after
{Heap after GC invocations=13 (full 0):
 garbage-first heap   total 70656K, used 15707K [0x00000000e1a00000, 0x0000000100000000)
  region size 1024K, 2 young (2048K), 2 survivors (2048K)
 Metaspace       used 34297K, committed 34624K, reserved 1081344K
  class space    used 4274K, committed 4416K, reserved 1048576K
}
Event: 5.547 GC heap before
{Heap before GC invocations=13 (full 0):
 garbage-first heap   total 70656K, used 40283K [0x00000000e1a00000, 0x0000000100000000)
  region size 1024K, 28 young (28672K), 2 survivors (2048K)
 Metaspace       used 35779K, committed 36096K, reserved 1081344K
  class space    used 4434K, committed 4608K, reserved 1048576K
}
Event: 5.554 GC heap after
{Heap after GC invocations=14 (full 0):
 garbage-first heap   total 70656K, used 15801K [0x00000000e1a00000, 0x0000000100000000)
  region size 1024K, 2 young (2048K), 2 survivors (2048K)
 Metaspace       used 35779K, committed 36096K, reserved 1081344K
  class space    used 4434K, committed 4608K, reserved 1048576K
}
Event: 6.881 GC heap before
{Heap before GC invocations=15 (full 0):
 garbage-first heap   total 58368K, used 47545K [0x00000000e1a00000, 0x0000000100000000)
  region size 1024K, 34 young (34816K), 2 survivors (2048K)
 Metaspace       used 44284K, committed 44672K, reserved 1089536K
  class space    used 5675K, committed 5824K, reserved 1048576K
}
Event: 6.901 GC heap after
{Heap after GC invocations=16 (full 0):
 garbage-first heap   total 58368K, used 17849K [0x00000000e1a00000, 0x0000000100000000)
  region size 1024K, 4 young (4096K), 4 survivors (4096K)
 Metaspace       used 44284K, committed 44672K, reserved 1089536K
  class space    used 5675K, committed 5824K, reserved 1048576K
}

